c:\users\albert\documents\github\nyugameprog\finalproject\nyucodebase\debug\vc120.pdb
c:\users\albert\documents\github\nyugameprog\finalproject\nyucodebase\debug\vc120.idb
c:\users\albert\documents\github\nyugameprog\finalproject\nyucodebase\debug\entity.obj
c:\users\albert\documents\github\nyugameprog\finalproject\nyucodebase\debug\gameclass.obj
c:\users\albert\documents\github\nyugameprog\finalproject\nyucodebase\debug\helpers.obj
c:\users\albert\documents\github\nyugameprog\finalproject\nyucodebase\debug\level.obj
c:\users\albert\documents\github\nyugameprog\finalproject\nyucodebase\debug\main.obj
c:\users\albert\documents\github\nyugameprog\finalproject\nyucodebase\debug\matrix.obj
c:\users\albert\documents\github\nyugameprog\finalproject\nyucodebase\debug\menu.obj
c:\users\albert\documents\github\nyugameprog\finalproject\nyucodebase\debug\sprite.obj
c:\users\albert\documents\github\nyugameprog\finalproject\nyucodebase\debug\generator.obj
c:\users\albert\documents\github\nyugameprog\finalproject\debug\alberthw.ilk
c:\users\albert\documents\github\nyugameprog\finalproject\debug\alberthw.exe
c:\users\albert\documents\github\nyugameprog\finalproject\debug\alberthw.pdb
c:\users\albert\documents\github\nyugameprog\finalproject\nyucodebase\debug\alberthw.tlog\cl.command.1.tlog
c:\users\albert\documents\github\nyugameprog\finalproject\nyucodebase\debug\alberthw.tlog\cl.read.1.tlog
c:\users\albert\documents\github\nyugameprog\finalproject\nyucodebase\debug\alberthw.tlog\cl.write.1.tlog
c:\users\albert\documents\github\nyugameprog\finalproject\nyucodebase\debug\alberthw.tlog\link.command.1.tlog
c:\users\albert\documents\github\nyugameprog\finalproject\nyucodebase\debug\alberthw.tlog\link.read.1.tlog
c:\users\albert\documents\github\nyugameprog\finalproject\nyucodebase\debug\alberthw.tlog\link.write.1.tlog
